app/build/intermediates/manifest_merge_blame_file/debug/processDebugMainManifest/manifest-merger-blame-debug-report.txt
1<?xml version="1.0" encoding="utf-8"?>
2<manifest xmlns:android="http://schemas.android.com/apk/res/android"
3    package="ru.sicampus.bootcamp2026"
4    android:versionCode="1"
5    android:versionName="1.0" >
6
7    <uses-sdk
8        android:minSdkVersion="25"
9        android:targetSdkVersion="36" />
10
11    <uses-permission android:name="android.permission.INTERNET" />
11-->src\main\AndroidManifest.xml:5:5-66
11-->src\main\AndroidManifest.xml:5:22-64
12
13    <permission
13-->[androidx.core:core:1.17.0] AndroidManifest.xml:22:5-24:47
14        android:name="ru.sicampus.bootcamp2026.DYNAMIC_RECEIVER_NOT_EXPORTED_PERMISSION"
14-->[androidx.core:core:1.17.0] AndroidManifest.xml:23:9-81
15        android:protectionLevel="signature" />
15-->[androidx.core:core:1.17.0] AndroidManifest.xml:24:9-44
16
17    <uses-permission android:name="ru.sicampus.bootcamp2026.DYNAMIC_RECEIVER_NOT_EXPORTED_PERMISSION" />
17-->[androidx.core:core:1.17.0] AndroidManifest.xml:26:5-97
17-->[androidx.core:core:1.17.0] AndroidManifest.xml:26:22-94
18
19    <application
19-->src\main\AndroidManifest.xml:7:5-28:19
20        android:allowBackup="true"
20-->src\main\AndroidManifest.xml:8:9-35
21        android:appComponentFactory="androidx.core.app.CoreComponentFactory"
21-->[androidx.core:core:1.17.0] AndroidManifest.xml:28:18-86
22        android:dataExtractionRules="@xml/data_extraction_rules"
22-->src\main\AndroidManifest.xml:9:9-65
23        android:debuggable="true"
24        android:extractNativeLibs="false"
25        android:fullBackupContent="@xml/backup_rules"
25-->src\main\AndroidManifest.xml:10:9-54
26        android:icon="@mipmap/ic_launcher"
26-->src\main\AndroidManifest.xml:11:9-43
27        android:label="@string/app_name"
27-->src\main\AndroidManifest.xml:12:9-41
28        android:roundIcon="@mipmap/ic_launcher_round"
28-->src\main\AndroidManifest.xml:13:9-54
29        android:supportsRtl="true"
29-->src\main\AndroidManifest.xml:14:9-35
30        android:testOnly="true"
31        android:theme="@style/Theme.AndroidBootcamp2026Frontend" >
31-->src\main\AndroidManifest.xml:15:9-65
32        <activity
32-->src\main\AndroidManifest.xml:17:9-27:20
33            android:name="ru.sicampus.bootcamp2026.MainActivity"
33-->src\main\AndroidManifest.xml:18:13-41
34            android:exported="true"
34-->src\main\AndroidManifest.xml:19:13-36
35            android:label="@string/app_name"
35-->src\main\AndroidManifest.xml:20:13-45
36            android:theme="@style/Theme.AndroidBootcamp2026Frontend" >
36-->src\main\AndroidManifest.xml:21:13-69
37            <intent-filter>
37-->src\main\AndroidManifest.xml:22:13-26:29
38                <action android:name="android.intent.action.MAIN" />
38-->src\main\AndroidManifest.xml:23:17-69
38-->src\main\AndroidManifest.xml:23:25-66
39
40                <category android:name="android.intent.category.LAUNCHER" />
40-->src\main\AndroidManifest.xml:25:17-77
40-->src\main\AndroidManifest.xml:25:27-74
41            </intent-filter>
42        </activity>
43        <activity
43-->[androidx.compose.ui:ui-tooling-android:1.10.2] AndroidManifest.xml:23:9-25:39
44            android:name="androidx.compose.ui.tooling.PreviewActivity"
44-->[androidx.compose.ui:ui-tooling-android:1.10.2] AndroidManifest.xml:24:13-71
45            android:exported="true" />
45-->[androidx.compose.ui:ui-tooling-android:1.10.2] AndroidManifest.xml:25:13-36
46
47        <uses-library
47-->[androidx.window:window:1.5.0] AndroidManifest.xml:23:9-25:40
48            android:name="androidx.window.extensions"
48-->[androidx.window:window:1.5.0] AndroidManifest.xml:24:13-54
49            android:required="false" />
49-->[androidx.window:window:1.5.0] AndroidManifest.xml:25:13-37
50        <uses-library
50-->[androidx.window:window:1.5.0] AndroidManifest.xml:26:9-28:40
51            android:name="androidx.window.sidecar"
51-->[androidx.window:window:1.5.0] AndroidManifest.xml:27:13-51
52            android:required="false" />
52-->[androidx.window:window:1.5.0] AndroidManifest.xml:28:13-37
53
54        <provider
54-->[androidx.emoji2:emoji2:1.4.0] AndroidManifest.xml:24:9-32:20
55            android:name="androidx.startup.InitializationProvider"
55-->[androidx.emoji2:emoji2:1.4.0] AndroidManifest.xml:25:13-67
56            android:authorities="ru.sicampus.bootcamp2026.androidx-startup"
56-->[androidx.emoji2:emoji2:1.4.0] AndroidManifest.xml:26:13-68
57            android:exported="false" >
57-->[androidx.emoji2:emoji2:1.4.0] AndroidManifest.xml:27:13-37
58            <meta-data
58-->[androidx.emoji2:emoji2:1.4.0] AndroidManifest.xml:29:13-31:52
59                android:name="androidx.emoji2.text.EmojiCompatInitializer"
59-->[androidx.emoji2:emoji2:1.4.0] AndroidManifest.xml:30:17-75
60                android:value="androidx.startup" />
60-->[androidx.emoji2:emoji2:1.4.0] AndroidManifest.xml:31:17-49
61            <meta-data
61-->[androidx.lifecycle:lifecycle-process:2.10.0] AndroidManifest.xml:29:13-31:52
62                android:name="androidx.lifecycle.ProcessLifecycleInitializer"
62-->[androidx.lifecycle:lifecycle-process:2.10.0] AndroidManifest.xml:30:17-78
63                android:value="androidx.startup" />
63-->[androidx.lifecycle:lifecycle-process:2.10.0] AndroidManifest.xml:31:17-49
64            <meta-data
64-->[androidx.profileinstaller:profileinstaller:1.4.1] AndroidManifest.xml:29:13-31:52
65                android:name="androidx.profileinstaller.ProfileInstallerInitializer"
65-->[androidx.profileinstaller:profileinstaller:1.4.1] AndroidManifest.xml:30:17-85
66                android:value="androidx.startup" />
66-->[androidx.profileinstaller:profileinstaller:1.4.1] AndroidManifest.xml:31:17-49
67        </provider>
68
69        <activity
69-->[androidx.compose.ui:ui-test-manifest:1.10.2] AndroidManifest.xml:23:9-26:79
70            android:name="androidx.activity.ComponentActivity"
70-->[androidx.compose.ui:ui-test-manifest:1.10.2] AndroidManifest.xml:24:13-63
71            android:exported="true"
71-->[androidx.compose.ui:ui-test-manifest:1.10.2] AndroidManifest.xml:25:13-36
72            android:theme="@android:style/Theme.Material.Light.NoActionBar" />
72-->[androidx.compose.ui:ui-test-manifest:1.10.2] AndroidManifest.xml:26:13-76
73
74        <receiver
74-->[androidx.profileinstaller:profileinstaller:1.4.1] AndroidManifest.xml:34:9-52:20
75            android:name="androidx.profileinstaller.ProfileInstallReceiver"
75-->[androidx.profileinstaller:profileinstaller:1.4.1] AndroidManifest.xml:35:13-76
76            android:directBootAware="false"
76-->[androidx.profileinstaller:profileinstaller:1.4.1] AndroidManifest.xml:36:13-44
77            android:enabled="true"
77-->[androidx.profileinstaller:profileinstaller:1.4.1] AndroidManifest.xml:37:13-35
78            android:exported="true"
78-->[androidx.profileinstaller:profileinstaller:1.4.1] AndroidManifest.xml:38:13-36
79            android:permission="android.permission.DUMP" >
79-->[androidx.profileinstaller:profileinstaller:1.4.1] AndroidManifest.xml:39:13-57
80            <intent-filter>
80-->[androidx.profileinstaller:profileinstaller:1.4.1] AndroidManifest.xml:40:13-42:29
81                <action android:name="androidx.profileinstaller.action.INSTALL_PROFILE" />
81-->[androidx.profileinstaller:profileinstaller:1.4.1] AndroidManifest.xml:41:17-91
81-->[androidx.profileinstaller:profileinstaller:1.4.1] AndroidManifest.xml:41:25-88
82            </intent-filter>
83            <intent-filter>
83-->[androidx.profileinstaller:profileinstaller:1.4.1] AndroidManifest.xml:43:13-45:29
84                <action android:name="androidx.profileinstaller.action.SKIP_FILE" />
84-->[androidx.profileinstaller:profileinstaller:1.4.1] AndroidManifest.xml:44:17-85
84-->[androidx.profileinstaller:profileinstaller:1.4.1] AndroidManifest.xml:44:25-82
85            </intent-filter>
86            <intent-filter>
86-->[androidx.profileinstaller:profileinstaller:1.4.1] AndroidManifest.xml:46:13-48:29
87                <action android:name="androidx.profileinstaller.action.SAVE_PROFILE" />
87-->[androidx.profileinstaller:profileinstaller:1.4.1] AndroidManifest.xml:47:17-88
87-->[androidx.profileinstaller:profileinstaller:1.4.1] AndroidManifest.xml:47:25-85
88            </intent-filter>
89            <intent-filter>
89-->[androidx.profileinstaller:profileinstaller:1.4.1] AndroidManifest.xml:49:13-51:29
90                <action android:name="androidx.profileinstaller.action.BENCHMARK_OPERATION" />
90-->[androidx.profileinstaller:profileinstaller:1.4.1] AndroidManifest.xml:50:17-95
90-->[androidx.profileinstaller:profileinstaller:1.4.1] AndroidManifest.xml:50:25-92
91            </intent-filter>
92        </receiver>
93    </application>
94
95</manifest>